# JRE version: Java(TM) SE Runtime Environment (7.0_79-b15) (build 1.7.0_79-b15)
# Java VM: Java HotSpot(TM) 64-Bit Server VM (24.79-b02 mixed mode windows-amd64 compressed oops)
Heap
 PSYoungGen      total 678912K, used 617039K [0x00000007d5500000, 0x0000000800000000, 0x0000000800000000)
  eden space 662528K, 90% used [0x00000007d5500000,0x00000007f9fd8a58,0x00000007fdc00000)
  from space 16384K, 98% used [0x00000007ff000000,0x00000007fffbb3f8,0x0000000800000000)
  to   space 18432K, 0% used [0x00000007fdc00000,0x00000007fdc00000,0x00000007fee00000)
 ParOldGen       total 87040K, used 33883K [0x0000000780000000, 0x0000000785500000, 0x00000007d5500000)
  object space 87040K, 38% used [0x0000000780000000,0x0000000782116fd8,0x0000000785500000)
 PSPermGen       total 56320K, used 56288K [0x000000077ae00000, 0x000000077e500000, 0x0000000780000000)
  object space 56320K, 99% used [0x000000077ae00000,0x000000077e4f8390,0x000000077e500000)
GC Heap History (10 events):
Event: 9.052 GC heap before
{Heap before GC invocations=8 (full 0):
 PSYoungGen      total 145408K, used 144201K [0x00000007d5500000, 0x00000007e7200000, 0x0000000800000000)
  eden space 135168K, 100% used [0x00000007d5500000,0x00000007dd900000,0x00000007dd900000)
  from space 10240K, 88% used [0x00000007dd900000,0x00000007de1d2458,0x00000007de300000)
  to   space 10752K, 0% used [0x00000007e6780000,0x00000007e6780000,0x00000007e7200000)
 ParOldGen       total 87040K, used 11079K [0x0000000780000000, 0x0000000785500000, 0x00000007d5500000)
  object space 87040K, 12% used [0x0000000780000000,0x0000000780ad1e78,0x0000000785500000)
 PSPermGen       total 24064K, used 23997K [0x000000077ae00000, 0x000000077c580000, 0x0000000780000000)
  object space 24064K, 99% used [0x000000077ae00000,0x000000077c56f670,0x000000077c580000)
Event: 9.071 GC heap after
Heap after GC invocations=8 (full 0):
 PSYoungGen      total 281088K, used 7617K [0x00000007d5500000, 0x00000007e7200000, 0x0000000800000000)
  eden space 270336K, 0% used [0x00000007d5500000,0x00000007d5500000,0x00000007e5d00000)
  from space 10752K, 70% used [0x00000007e6780000,0x00000007e6ef0608,0x00000007e7200000)
  to   space 10752K, 0% used [0x00000007e5d00000,0x00000007e5d00000,0x00000007e6780000)
 ParOldGen       total 87040K, used 13207K [0x0000000780000000, 0x0000000785500000, 0x00000007d5500000)
  object space 87040K, 15% used [0x0000000780000000,0x0000000780ce5ec8,0x0000000785500000)
 PSPermGen       total 24064K, used 23997K [0x000000077ae00000, 0x000000077c580000, 0x0000000780000000)
  object space 24064K, 99% used [0x000000077ae00000,0x000000077c56f670,0x000000077c580000)
}
Event: 12.466 GC heap before
{Heap before GC invocations=9 (full 0):
 PSYoungGen      total 281088K, used 277953K [0x00000007d5500000, 0x00000007e7200000, 0x0000000800000000)
  eden space 270336K, 100% used [0x00000007d5500000,0x00000007e5d00000,0x00000007e5d00000)
  from space 10752K, 70% used [0x00000007e6780000,0x00000007e6ef0608,0x00000007e7200000)
  to   space 10752K, 0% used [0x00000007e5d00000,0x00000007e5d00000,0x00000007e6780000)
 ParOldGen       total 87040K, used 13207K [0x0000000780000000, 0x0000000785500000, 0x00000007d5500000)
  object space 87040K, 15% used [0x0000000780000000,0x0000000780ce5ec8,0x0000000785500000)
 PSPermGen       total 30208K, used 30132K [0x000000077ae00000, 0x000000077cb80000, 0x0000000780000000)
  object space 30208K, 99% used [0x000000077ae00000,0x000000077cb6d2a8,0x000000077cb80000)
Event: 12.501 GC heap after
Heap after GC invocations=9 (full 0):
 PSYoungGen      total 281088K, used 10750K [0x00000007d5500000, 0x00000007f1480000, 0x0000000800000000)
  eden space 270336K, 0% used [0x00000007d5500000,0x00000007d5500000,0x00000007e5d00000)
  from space 10752K, 99% used [0x00000007e5d00000,0x00000007e677f988,0x00000007e6780000)
  to   space 12800K, 0% used [0x00000007f0800000,0x00000007f0800000,0x00000007f1480000)
 ParOldGen       total 87040K, used 15483K [0x0000000780000000, 0x0000000785500000, 0x00000007d5500000)
  object space 87040K, 17% used [0x0000000780000000,0x0000000780f1ec58,0x0000000785500000)
 PSPermGen       total 30208K, used 30132K [0x000000077ae00000, 0x000000077cb80000, 0x0000000780000000)
  object space 30208K, 99% used [0x000000077ae00000,0x000000077cb6d2a8,0x000000077cb80000)
}
Event: 13.892 GC heap before
{Heap before GC invocations=10 (full 0):
 PSYoungGen      total 281088K, used 281086K [0x00000007d5500000, 0x00000007f1480000, 0x0000000800000000)
  eden space 270336K, 100% used [0x00000007d5500000,0x00000007e5d00000,0x00000007e5d00000)
  from space 10752K, 99% used [0x00000007e5d00000,0x00000007e677f988,0x00000007e6780000)
  to   space 12800K, 0% used [0x00000007f0800000,0x00000007f0800000,0x00000007f1480000)
 ParOldGen       total 87040K, used 15483K [0x0000000780000000, 0x0000000785500000, 0x00000007d5500000)
  object space 87040K, 17% used [0x0000000780000000,0x0000000780f1ec58,0x0000000785500000)
 PSPermGen       total 30720K, used 30219K [0x000000077ae00000, 0x000000077cc00000, 0x0000000780000000)
  object space 30720K, 98% used [0x000000077ae00000,0x000000077cb82c40,0x000000077cc00000)
Event: 13.941 GC heap after
Heap after GC invocations=10 (full 0):
 PSYoungGen      total 445440K, used 4868K [0x00000007d5500000, 0x00000007f1480000, 0x0000000800000000)
  eden space 432640K, 0% used [0x00000007d5500000,0x00000007d5500000,0x00000007efb80000)
  from space 12800K, 38% used [0x00000007f0800000,0x00000007f0cc1060,0x00000007f1480000)
  to   space 12800K, 0% used [0x00000007efb80000,0x00000007efb80000,0x00000007f0800000)
 ParOldGen       total 87040K, used 19279K [0x0000000780000000, 0x0000000785500000, 0x00000007d5500000)
  object space 87040K, 22% used [0x0000000780000000,0x00000007812d3f68,0x0000000785500000)
 PSPermGen       total 30720K, used 30219K [0x000000077ae00000, 0x000000077cc00000, 0x0000000780000000)
  object space 30720K, 98% used [0x000000077ae00000,0x000000077cb82c40,0x000000077cc00000)
}
Event: 21.029 GC heap before
{Heap before GC invocations=11 (full 0):
 PSYoungGen      total 445440K, used 437508K [0x00000007d5500000, 0x00000007f1480000, 0x0000000800000000)
  eden space 432640K, 100% used [0x00000007d5500000,0x00000007efb80000,0x00000007efb80000)
  from space 12800K, 38% used [0x00000007f0800000,0x00000007f0cc1060,0x00000007f1480000)
  to   space 12800K, 0% used [0x00000007efb80000,0x00000007efb80000,0x00000007f0800000)
 ParOldGen       total 87040K, used 19279K [0x0000000780000000, 0x0000000785500000, 0x00000007d5500000)
  object space 87040K, 22% used [0x0000000780000000,0x00000007812d3f68,0x0000000785500000)
 PSPermGen       total 40448K, used 40023K [0x000000077ae00000, 0x000000077d580000, 0x0000000780000000)
  object space 40448K, 98% used [0x000000077ae00000,0x000000077d515de0,0x000000077d580000)
Event: 21.066 GC heap after
Heap after GC invocations=11 (full 0):
 PSYoungGen      total 445440K, used 12782K [0x00000007d5500000, 0x0000000800000000, 0x0000000800000000)
  eden space 432640K, 0% used [0x00000007d5500000,0x00000007d5500000,0x00000007efb80000)
  from space 12800K, 99% used [0x00000007efb80000,0x00000007f07fbaf8,0x00000007f0800000)
  to   space 16384K, 0% used [0x00000007ff000000,0x00000007ff000000,0x0000000800000000)
 ParOldGen       total 87040K, used 25819K [0x0000000780000000, 0x0000000785500000, 0x00000007d5500000)
  object space 87040K, 29% used [0x0000000780000000,0x0000000781936dd0,0x0000000785500000)
 PSPermGen       total 40448K, used 40023K [0x000000077ae00000, 0x000000077d580000, 0x0000000780000000)
  object space 40448K, 98% used [0x000000077ae00000,0x000000077d515de0,0x000000077d580000)
}
Event: 31.562 GC heap before
{Heap before GC invocations=12 (full 0):
 PSYoungGen      total 445440K, used 445422K [0x00000007d5500000, 0x0000000800000000, 0x0000000800000000)
  eden space 432640K, 100% used [0x00000007d5500000,0x00000007efb80000,0x00000007efb80000)
  from space 12800K, 99% used [0x00000007efb80000,0x00000007f07fbaf8,0x00000007f0800000)
  to   space 16384K, 0% used [0x00000007ff000000,0x00000007ff000000,0x0000000800000000)
 ParOldGen       total 87040K, used 25819K [0x0000000780000000, 0x0000000785500000, 0x00000007d5500000)
  object space 87040K, 29% used [0x0000000780000000,0x0000000781936dd0,0x0000000785500000)
 PSPermGen       total 46080K, used 45900K [0x000000077ae00000, 0x000000077db00000, 0x0000000780000000)
  object space 46080K, 99% used [0x000000077ae00000,0x000000077dad33f8,0x000000077db00000)
Event: 31.699 GC heap after
Heap after GC invocations=12 (full 0):
 PSYoungGen      total 678912K, used 16108K [0x00000007d5500000, 0x0000000800000000, 0x0000000800000000)
  eden space 662528K, 0% used [0x00000007d5500000,0x00000007d5500000,0x00000007fdc00000)
  from space 16384K, 98% used [0x00000007ff000000,0x00000007fffbb3f8,0x0000000800000000)
  to   space 18432K, 0% used [0x00000007fdc00000,0x00000007fdc00000,0x00000007fee00000)
 ParOldGen       total 87040K, used 33883K [0x0000000780000000, 0x0000000785500000, 0x00000007d5500000)
  object space 87040K, 38% used [0x0000000780000000,0x0000000782116fd8,0x0000000785500000)
 PSPermGen       total 46080K, used 45900K [0x000000077ae00000, 0x000000077db00000, 0x0000000780000000)
  object space 46080K, 99% used [0x000000077ae00000,0x000000077dad33f8,0x000000077db00000)
}

